libraryProgressWheel/build/intermediates/manifest_merge_blame_file/debug/manifest-merger-blame-debug-report.txt
1<?xml version="1.0" encoding="utf-8"?>
2<manifest xmlns:android="http://schemas.android.com/apk/res/android"
3    package="com.todddavies.components.progressbar"
4    android:versionCode="1"
5    android:versionName="1.0" >
6
7    <uses-sdk
8        android:minSdkVersion="14"
8-->src\main\AndroidManifest.xml
9        android:targetSdkVersion="31" />
9-->src\main\AndroidManifest.xml
10
11    <application android:label="@string/app_name" >
11-->src\main\AndroidManifest.xml:9:5-20:19
11-->src\main\AndroidManifest.xml:10:9-41
12
13        <!--
14        <activity
15            android:label="@string/app_name"
16            android:name="com.todddavies.components.progressbar.main" >
17            <intent-filter >
18                <action android:name="android.intent.action.MAIN" />
19
20                <category android:name="android.intent.category.LAUNCHER" />
21            </intent-filter>
22        </activity>
23        -->
24    </application>
25
26</manifest>